{"name": "test_create_with_user_list[single_user]", "status": "failed", "statusDetails": {"message": "AssertionError: Response time 2.08s exceeds 2.0s.", "trace": "api_client = <utils.api_client.APIClient object at 0x00000169A681D550>, scenario_key = 'single_user', unique_id = 861542\n\n    @pytest.mark.parametrize(\"scenario_key\",[\"single_user\",\"multiple_users\"])\n    def test_create_with_user_list(api_client,scenario_key,unique_id):\n        data = load_json(TESTDATA_DIR/\"create_list_of_user.json\")\n        user_type = data[scenario_key]\n        user_payload = make_users_dynamic(user_type,base_id = unique_id)\n        res = api_client.request(\"POST\",\"/user/createWithList\",user_payload)\n    \n        #HTTP validation\n        assert_status_code(res, 200)\n        assert_response_not_empty(res)\n    \n        res_json = assert_json_response(res)\n        #Schema validation\n        validate_schema(res_json, SCHEMA_DIR/\"api_response_schema.json\")\n    \n        #Response time\n>       assert_response_time(res, 2.0)\n\ntests\\test_create_with_list.py:45: \n_ _ _ _ _ _ _ _ _ _ _ _ _ _ _ _ _ _ _ _ _ _ _ _ _ _ _ _ _ _ _ _ _ _ _ _ _ _ _ _ _ _ _ _ _ _ _ _ _ _ _ _ _ _ _ _ _ _ _ _ _ _ _ _ _ _ _ _ _ _ _ _ _ _ _ _ _ _ _ _ _ _ _ _ _ _ _ _ _ \n\nresponse = <Response [200]>, max_seconds = 2.0\n\n    def assert_response_time(response,max_seconds = 2.0):\n        elapsed = response.elapsed.total_seconds()\n>       assert elapsed < max_seconds,(f\"Response time {elapsed:.2f}s exceeds {max_seconds}s.\")\n               ^^^^^^^^^^^^^^^^^^^^^\nE       AssertionError: Response time 2.08s exceeds 2.0s.\n\nutils\\assertion.py:24: AssertionError"}, "attachments": [{"name": "stdout", "source": "b71f2506-cc7d-4158-8c59-84df032da025-attachment.txt", "type": "text/plain"}], "parameters": [{"name": "scenario_key", "value": "'single_user'"}], "start": 1772202880115, "stop": 1772202882215, "uuid": "5c5e0af0-5f48-4f12-9be9-c6eec77262c4", "historyId": "2cccc7fc8b721a606311a0514035ace3", "testCaseId": "b81e7b5ec182c934b9e51f5e6ce59747", "fullName": "tests.test_create_with_list#test_create_with_user_list", "labels": [{"name": "parentSuite", "value": "tests"}, {"name": "suite", "value": "test_create_with_list"}, {"name": "host", "value": "LAPTOP-K83OM4KP"}, {"name": "thread", "value": "25368-MainThread"}, {"name": "framework", "value": "pytest"}, {"name": "language", "value": "cpython3"}, {"name": "package", "value": "tests.test_create_with_list"}], "titlePath": ["tests", "test_create_with_list.py"]}